[2021-07-13 09:40:31] production.INFO: https://mgravity.api.crm8.dynamics.com/api/data/v9.1/mg_slotitemses?$select=mg_slotitemsid,mg_name,_mg_productfamily_value,mg_starttime,mg_endtime,_mg_store_value,mg_playersbooked,mg_maximumplayersallowed,_mg_subproduct_value,mg_playersbookingunderprocess&$filter=mg_starttime ge '2021-07-13 9:40:26' and mg_starttime le '2021-07-13 23:59:59' and _mg_productfamily_value eq '02d8dd5e-9a37-ea11-a813-000d3a0a7551' and statuscode eq 140180001 and _mg_store_value eq 'b5962233-b421-ea11-a810-000d3a0a7551'   
[2021-07-13 09:40:37] production.INFO: array (
  '@odata.etag' => 'W/"28045810"',
  'mg_slotitemsid' => 'c07d1220-47e3-eb11-bacb-000d3ac9fd84',
  'mg_name' => '13:00-13:30 MGROAD',
  '_mg_productfamily_value' => '02d8dd5e-9a37-ea11-a813-000d3a0a7551',
  'mg_starttime' => '2021-07-13T13:00:00Z',
  'mg_endtime' => '2021-07-13T13:30:00Z',
  '_mg_store_value' => 'b5962233-b421-ea11-a810-000d3a0a7551',
  'mg_playersbooked' => '0',
  'mg_maximumplayersallowed' => '8',
  '_mg_subproduct_value' => '652fe5b2-1569-ea11-a812-000d3a0a7551',
  'mg_playersbookingunderprocess' => '0',
)  
[2021-07-13 09:40:39] production.INFO: array (
  '@odata.etag' => 'W/"28045810"',
  'mg_slotitemsid' => 'c07d1220-47e3-eb11-bacb-000d3ac9fd84',
  'mg_name' => '13:00-13:30 MGROAD',
  '_mg_productfamily_value' => '02d8dd5e-9a37-ea11-a813-000d3a0a7551',
  'mg_starttime' => '2021-07-13T13:00:00Z',
  'mg_endtime' => '2021-07-13T13:30:00Z',
  '_mg_store_value' => 'b5962233-b421-ea11-a810-000d3a0a7551',
  'mg_playersbooked' => '0',
  'mg_maximumplayersallowed' => '8',
  '_mg_subproduct_value' => '652fe5b2-1569-ea11-a812-000d3a0a7551',
  'mg_playersbookingunderprocess' => '0',
)  
[2021-07-13 09:40:42] production.INFO: wayATDGOEznrjWT0PzyGW3BBGRwz2r2HfSkIpjFu  
[2021-07-13 12:39:10] production.INFO: https://mgravity.api.crm8.dynamics.com/api/data/v9.1/mg_slotitemses?$select=mg_slotitemsid,mg_name,_mg_productfamily_value,mg_starttime,mg_endtime,_mg_store_value,mg_playersbooked,mg_maximumplayersallowed,_mg_subproduct_value,mg_playersbookingunderprocess&$filter=mg_starttime ge '2021-07-13 12:39:7' and mg_starttime le '2021-07-13 23:59:59' and _mg_productfamily_value eq '02d8dd5e-9a37-ea11-a813-000d3a0a7551' and statuscode eq 140180001 and _mg_store_value eq 'b5962233-b421-ea11-a810-000d3a0a7551'   
[2021-07-13 12:39:11] production.INFO: https://mgravity.api.crm8.dynamics.com/api/data/v9.1/mg_slotitemses?$select=mg_slotitemsid,mg_name,_mg_productfamily_value,mg_starttime,mg_endtime,_mg_store_value,mg_playersbooked,mg_maximumplayersallowed,_mg_subproduct_value,mg_playersbookingunderprocess&$filter=mg_starttime ge '2021-07-13 12:39:7' and mg_starttime le '2021-07-13 23:59:59' and _mg_productfamily_value eq '02d8dd5e-9a37-ea11-a813-000d3a0a7551' and statuscode eq 140180001 and _mg_store_value eq 'b5962233-b421-ea11-a810-000d3a0a7551'   
[2021-07-13 12:39:34] production.INFO: https://mgravity.api.crm8.dynamics.com/api/data/v9.1/mg_slotitemses?$select=mg_slotitemsid,mg_name,_mg_productfamily_value,mg_starttime,mg_endtime,_mg_store_value,mg_playersbooked,mg_maximumplayersallowed,_mg_subproduct_value,mg_playersbookingunderprocess&$filter=mg_starttime ge '2021-07-14 00:00:00' and mg_starttime le '2021-07-14 23:59:59' and _mg_productfamily_value eq '02d8dd5e-9a37-ea11-a813-000d3a0a7551' and statuscode eq 140180001 and _mg_store_value eq 'b5962233-b421-ea11-a810-000d3a0a7551'   
[2021-07-13 12:39:35] production.INFO: https://mgravity.api.crm8.dynamics.com/api/data/v9.1/mg_slotitemses?$select=mg_slotitemsid,mg_name,_mg_productfamily_value,mg_starttime,mg_endtime,_mg_store_value,mg_playersbooked,mg_maximumplayersallowed,_mg_subproduct_value,mg_playersbookingunderprocess&$filter=mg_starttime ge '2021-07-14 00:00:00' and mg_starttime le '2021-07-14 23:59:59' and _mg_productfamily_value eq '02d8dd5e-9a37-ea11-a813-000d3a0a7551' and statuscode eq 140180001 and _mg_store_value eq 'b5962233-b421-ea11-a810-000d3a0a7551'   
[2021-07-13 13:03:37] production.INFO: https://mgravity.api.crm8.dynamics.com/api/data/v9.1/mg_slotitemses?$select=mg_slotitemsid,mg_name,_mg_productfamily_value,mg_starttime,mg_endtime,_mg_store_value,mg_playersbooked,mg_maximumplayersallowed,_mg_subproduct_value,mg_playersbookingunderprocess&$filter=mg_starttime ge '2021-07-13 13:3:24' and mg_starttime le '2021-07-13 23:59:59' and _mg_productfamily_value eq '02d8dd5e-9a37-ea11-a813-000d3a0a7551' and statuscode eq 140180001 and _mg_store_value eq 'b5962233-b421-ea11-a810-000d3a0a7551'   
[2021-07-13 14:27:21] production.INFO: https://mgravity.api.crm8.dynamics.com/api/data/v9.1/mg_slotitemses?$select=mg_slotitemsid,mg_name,_mg_productfamily_value,mg_starttime,mg_endtime,_mg_store_value,mg_playersbooked,mg_maximumplayersallowed,_mg_subproduct_value,mg_playersbookingunderprocess&$filter=mg_starttime ge '2021-07-13 14:27:9' and mg_starttime le '2021-07-13 23:59:59' and _mg_productfamily_value eq '02d8dd5e-9a37-ea11-a813-000d3a0a7551' and statuscode eq 140180001 and _mg_store_value eq 'b5962233-b421-ea11-a810-000d3a0a7551'   
[2021-07-13 14:27:34] production.INFO: https://mgravity.api.crm8.dynamics.com/api/data/v9.1/mg_slotitemses?$select=mg_slotitemsid,mg_name,_mg_productfamily_value,mg_starttime,mg_endtime,_mg_store_value,mg_playersbooked,mg_maximumplayersallowed,_mg_subproduct_value,mg_playersbookingunderprocess&$filter=mg_starttime ge '2021-07-17 00:00:00' and mg_starttime le '2021-07-17 23:59:59' and _mg_productfamily_value eq '02d8dd5e-9a37-ea11-a813-000d3a0a7551' and statuscode eq 140180001 and _mg_store_value eq 'b5962233-b421-ea11-a810-000d3a0a7551'   
[2021-07-13 14:27:35] production.INFO: https://mgravity.api.crm8.dynamics.com/api/data/v9.1/mg_slotitemses?$select=mg_slotitemsid,mg_name,_mg_productfamily_value,mg_starttime,mg_endtime,_mg_store_value,mg_playersbooked,mg_maximumplayersallowed,_mg_subproduct_value,mg_playersbookingunderprocess&$filter=mg_starttime ge '2021-07-17 00:00:00' and mg_starttime le '2021-07-17 23:59:59' and _mg_productfamily_value eq '02d8dd5e-9a37-ea11-a813-000d3a0a7551' and statuscode eq 140180001 and _mg_store_value eq 'b5962233-b421-ea11-a810-000d3a0a7551'   
[2021-07-13 15:49:14] production.INFO: https://mgravity.api.crm8.dynamics.com/api/data/v9.1/mg_slotitemses?$select=mg_slotitemsid,mg_name,_mg_productfamily_value,mg_starttime,mg_endtime,_mg_store_value,mg_playersbooked,mg_maximumplayersallowed,_mg_subproduct_value,mg_playersbookingunderprocess&$filter=mg_starttime ge '2021-07-13 15:49:4' and mg_starttime le '2021-07-13 23:59:59' and _mg_productfamily_value eq '02d8dd5e-9a37-ea11-a813-000d3a0a7551' and statuscode eq 140180001 and _mg_store_value eq 'b5962233-b421-ea11-a810-000d3a0a7551'   
[2021-07-13 15:49:18] production.INFO: array (
  '@odata.etag' => 'W/"28045819"',
  'mg_slotitemsid' => 'd27d1220-47e3-eb11-bacb-000d3ac9fd84',
  'mg_name' => '16:00-16:30 MGROAD',
  '_mg_productfamily_value' => '02d8dd5e-9a37-ea11-a813-000d3a0a7551',
  'mg_starttime' => '2021-07-13T16:00:00Z',
  'mg_endtime' => '2021-07-13T16:30:00Z',
  '_mg_store_value' => 'b5962233-b421-ea11-a810-000d3a0a7551',
  'mg_playersbooked' => '0',
  'mg_maximumplayersallowed' => '8',
  '_mg_subproduct_value' => '652fe5b2-1569-ea11-a812-000d3a0a7551',
  'mg_playersbookingunderprocess' => '0',
)  
[2021-07-13 15:49:26] production.INFO: 2zh6LJnMjhBtyFuOmIia618wPIAciiuOHH06oLWY  
[2021-07-13 16:23:42] production.INFO: https://mgravity.api.crm8.dynamics.com/api/data/v9.1/mg_slotitemses?$select=mg_slotitemsid,mg_name,_mg_productfamily_value,mg_starttime,mg_endtime,_mg_store_value,mg_playersbooked,mg_maximumplayersallowed,_mg_subproduct_value,mg_playersbookingunderprocess&$filter=mg_starttime ge '2021-07-13 16:23:37' and mg_starttime le '2021-07-13 23:59:59' and _mg_productfamily_value eq '02d8dd5e-9a37-ea11-a813-000d3a0a7551' and statuscode eq 140180001 and _mg_store_value eq 'b5962233-b421-ea11-a810-000d3a0a7551'   
[2021-07-13 16:23:49] production.INFO: array (
  '@odata.etag' => 'W/"28045822"',
  'mg_slotitemsid' => 'd87d1220-47e3-eb11-bacb-000d3ac9fd84',
  'mg_name' => '17:00-17:30 MGROAD',
  '_mg_productfamily_value' => '02d8dd5e-9a37-ea11-a813-000d3a0a7551',
  'mg_starttime' => '2021-07-13T17:00:00Z',
  'mg_endtime' => '2021-07-13T17:30:00Z',
  '_mg_store_value' => 'b5962233-b421-ea11-a810-000d3a0a7551',
  'mg_playersbooked' => '0',
  'mg_maximumplayersallowed' => '8',
  '_mg_subproduct_value' => 'a4c39887-1569-ea11-a812-000d3a0a7551',
  'mg_playersbookingunderprocess' => '0',
)  
[2021-07-13 16:23:52] production.INFO: R2hM6tSIRHSdsboYCkV0spvVsYhfDo4tcN5k3jwi  
[2021-07-13 17:23:53] production.INFO: https://mgravity.api.crm8.dynamics.com/api/data/v9.1/mg_slotitemses?$select=mg_slotitemsid,mg_name,_mg_productfamily_value,mg_starttime,mg_endtime,_mg_store_value,mg_playersbooked,mg_maximumplayersallowed,_mg_subproduct_value,mg_playersbookingunderprocess&$filter=mg_starttime ge '2021-07-13 17:23:43' and mg_starttime le '2021-07-13 23:59:59' and _mg_productfamily_value eq '02d8dd5e-9a37-ea11-a813-000d3a0a7551' and statuscode eq 140180001 and _mg_store_value eq 'b5962233-b421-ea11-a810-000d3a0a7551'   
[2021-07-13 17:39:40] production.INFO: https://mgravity.api.crm8.dynamics.com/api/data/v9.1/mg_slotitemses?$select=mg_slotitemsid,mg_name,_mg_productfamily_value,mg_starttime,mg_endtime,_mg_store_value,mg_playersbooked,mg_maximumplayersallowed,_mg_subproduct_value,mg_playersbookingunderprocess&$filter=mg_starttime ge '2021-07-13 17:39:34' and mg_starttime le '2021-07-13 23:59:59' and _mg_productfamily_value eq '02d8dd5e-9a37-ea11-a813-000d3a0a7551' and statuscode eq 140180001 and _mg_store_value eq 'b5962233-b421-ea11-a810-000d3a0a7551'   
[2021-07-13 17:39:54] production.INFO: https://mgravity.api.crm8.dynamics.com/api/data/v9.1/mg_slotitemses?$select=mg_slotitemsid,mg_name,_mg_productfamily_value,mg_starttime,mg_endtime,_mg_store_value,mg_playersbooked,mg_maximumplayersallowed,_mg_subproduct_value,mg_playersbookingunderprocess&$filter=mg_starttime ge '2021-07-17 00:00:00' and mg_starttime le '2021-07-17 23:59:59' and _mg_productfamily_value eq '02d8dd5e-9a37-ea11-a813-000d3a0a7551' and statuscode eq 140180001 and _mg_store_value eq 'b5962233-b421-ea11-a810-000d3a0a7551'   
[2021-07-13 17:39:54] production.INFO: array (
  '@odata.etag' => 'W/"28045830"',
  'mg_slotitemsid' => 'e67d1220-47e3-eb11-bacb-000d3ac9fd84',
  'mg_name' => '19:30-19:45 MGROAD',
  '_mg_productfamily_value' => '02d8dd5e-9a37-ea11-a813-000d3a0a7551',
  'mg_starttime' => '2021-07-13T19:30:00Z',
  'mg_endtime' => '2021-07-13T19:45:00Z',
  '_mg_store_value' => 'b5962233-b421-ea11-a810-000d3a0a7551',
  'mg_playersbooked' => '0',
  'mg_maximumplayersallowed' => '8',
  '_mg_subproduct_value' => '557731db-1569-ea11-a812-000d3a0a7551',
  'mg_playersbookingunderprocess' => '0',
)  
[2021-07-13 17:39:55] production.INFO: https://mgravity.api.crm8.dynamics.com/api/data/v9.1/mg_slotitemses?$select=mg_slotitemsid,mg_name,_mg_productfamily_value,mg_starttime,mg_endtime,_mg_store_value,mg_playersbooked,mg_maximumplayersallowed,_mg_subproduct_value,mg_playersbookingunderprocess&$filter=mg_starttime ge '2021-07-17 00:00:00' and mg_starttime le '2021-07-17 23:59:59' and _mg_productfamily_value eq '02d8dd5e-9a37-ea11-a813-000d3a0a7551' and statuscode eq 140180001 and _mg_store_value eq 'b5962233-b421-ea11-a810-000d3a0a7551'   
[2021-07-13 17:39:58] production.INFO: array (
  '@odata.etag' => 'W/"28047387"',
  'mg_slotitemsid' => 'f8428324-b4e3-eb11-bacb-000d3ac9f91a',
  'mg_name' => '13:30-13:45 MGROAD',
  '_mg_productfamily_value' => '02d8dd5e-9a37-ea11-a813-000d3a0a7551',
  'mg_starttime' => '2021-07-17T13:30:00Z',
  'mg_endtime' => '2021-07-17T13:45:00Z',
  '_mg_store_value' => 'b5962233-b421-ea11-a810-000d3a0a7551',
  'mg_playersbooked' => '0',
  'mg_maximumplayersallowed' => '8',
  '_mg_subproduct_value' => '557731db-1569-ea11-a812-000d3a0a7551',
  'mg_playersbookingunderprocess' => '0',
)  
[2021-07-13 17:40:00] production.INFO: array (
  '@odata.etag' => 'W/"28047387"',
  'mg_slotitemsid' => 'f8428324-b4e3-eb11-bacb-000d3ac9f91a',
  'mg_name' => '13:30-13:45 MGROAD',
  '_mg_productfamily_value' => '02d8dd5e-9a37-ea11-a813-000d3a0a7551',
  'mg_starttime' => '2021-07-17T13:30:00Z',
  'mg_endtime' => '2021-07-17T13:45:00Z',
  '_mg_store_value' => 'b5962233-b421-ea11-a810-000d3a0a7551',
  'mg_playersbooked' => '0',
  'mg_maximumplayersallowed' => '8',
  '_mg_subproduct_value' => '557731db-1569-ea11-a812-000d3a0a7551',
  'mg_playersbookingunderprocess' => '0',
)  
[2021-07-13 17:40:00] production.ERROR: Trying to get property 'ProductGUID' of non-object {"exception":"[object] (ErrorException(code: 0): Trying to get property 'ProductGUID' of non-object at /home/163112.cloudwaysapps.com/cxmygwuhen/public_html/laravel/app/Http/Controllers/HomeController.php:1679)
[stacktrace]
#0 /home/163112.cloudwaysapps.com/cxmygwuhen/public_html/laravel/app/Http/Controllers/HomeController.php(1679): Illuminate\\Foundation\\Bootstrap\\HandleExceptions->handleError()
#1 /home/163112.cloudwaysapps.com/cxmygwuhen/public_html/laravel/vendor/laravel/framework/src/Illuminate/Routing/Controller.php(54): App\\Http\\Controllers\\HomeController->get_price()
#2 /home/163112.cloudwaysapps.com/cxmygwuhen/public_html/laravel/vendor/laravel/framework/src/Illuminate/Routing/ControllerDispatcher.php(45): Illuminate\\Routing\\Controller->callAction()
#3 /home/163112.cloudwaysapps.com/cxmygwuhen/public_html/laravel/vendor/laravel/framework/src/Illuminate/Routing/Route.php(239): Illuminate\\Routing\\ControllerDispatcher->dispatch()
#4 /home/163112.cloudwaysapps.com/cxmygwuhen/public_html/laravel/vendor/laravel/framework/src/Illuminate/Routing/Route.php(196): Illuminate\\Routing\\Route->runController()
#5 /home/163112.cloudwaysapps.com/cxmygwuhen/public_html/laravel/vendor/laravel/framework/src/Illuminate/Routing/Router.php(685): Illuminate\\Routing\\Route->run()
#6 /home/163112.cloudwaysapps.com/cxmygwuhen/public_html/laravel/vendor/laravel/framework/src/Illuminate/Pipeline/Pipeline.php(128): Illuminate\\Routing\\Router->Illuminate\\Routing\\{closure}()
#7 /home/163112.cloudwaysapps.com/cxmygwuhen/public_html/laravel/vendor/laravel/framework/src/Illuminate/Routing/Middleware/SubstituteBindings.php(41): Illuminate\\Pipeline\\Pipeline->Illuminate\\Pipeline\\{closure}()
#8 /home/163112.cloudwaysapps.com/cxmygwuhen/public_html/laravel/vendor/laravel/framework/src/Illuminate/Pipeline/Pipeline.php(167): Illuminate\\Routing\\Middleware\\SubstituteBindings->handle()
#9 /home/163112.cloudwaysapps.com/cxmygwuhen/public_html/laravel/vendor/laravel/framework/src/Illuminate/Foundation/Http/Middleware/VerifyCsrfToken.php(78): Illuminate\\Pipeline\\Pipeline->Illuminate\\Pipeline\\{closure}()
#10 /home/163112.cloudwaysapps.com/cxmygwuhen/public_html/laravel/vendor/laravel/framework/src/Illuminate/Pipeline/Pipeline.php(167): Illuminate\\Foundation\\Http\\Middleware\\VerifyCsrfToken->handle()
#11 /home/163112.cloudwaysapps.com/cxmygwuhen/public_html/laravel/vendor/laravel/framework/src/Illuminate/View/Middleware/ShareErrorsFromSession.php(49): Illuminate\\Pipeline\\Pipeline->Illuminate\\Pipeline\\{closure}()
#12 /home/163112.cloudwaysapps.com/cxmygwuhen/public_html/laravel/vendor/laravel/framework/src/Illuminate/Pipeline/Pipeline.php(167): Illuminate\\View\\Middleware\\ShareErrorsFromSession->handle()
#13 /home/163112.cloudwaysapps.com/cxmygwuhen/public_html/laravel/vendor/laravel/framework/src/Illuminate/Session/Middleware/StartSession.php(116): Illuminate\\Pipeline\\Pipeline->Illuminate\\Pipeline\\{closure}()
#14 /home/163112.cloudwaysapps.com/cxmygwuhen/public_html/laravel/vendor/laravel/framework/src/Illuminate/Session/Middleware/StartSession.php(62): Illuminate\\Session\\Middleware\\StartSession->handleStatefulRequest()
#15 /home/163112.cloudwaysapps.com/cxmygwuhen/public_html/laravel/vendor/laravel/framework/src/Illuminate/Pipeline/Pipeline.php(167): Illuminate\\Session\\Middleware\\StartSession->handle()
#16 /home/163112.cloudwaysapps.com/cxmygwuhen/public_html/laravel/vendor/laravel/framework/src/Illuminate/Cookie/Middleware/AddQueuedCookiesToResponse.php(37): Illuminate\\Pipeline\\Pipeline->Illuminate\\Pipeline\\{closure}()
#17 /home/163112.cloudwaysapps.com/cxmygwuhen/public_html/laravel/vendor/laravel/framework/src/Illuminate/Pipeline/Pipeline.php(167): Illuminate\\Cookie\\Middleware\\AddQueuedCookiesToResponse->handle()
#18 /home/163112.cloudwaysapps.com/cxmygwuhen/public_html/laravel/vendor/laravel/framework/src/Illuminate/Cookie/Middleware/EncryptCookies.php(67): Illuminate\\Pipeline\\Pipeline->Illuminate\\Pipeline\\{closure}()
#19 /home/163112.cloudwaysapps.com/cxmygwuhen/public_html/laravel/vendor/laravel/framework/src/Illuminate/Pipeline/Pipeline.php(167): Illuminate\\Cookie\\Middleware\\EncryptCookies->handle()
#20 /home/163112.cloudwaysapps.com/cxmygwuhen/public_html/laravel/vendor/laravel/framework/src/Illuminate/Pipeline/Pipeline.php(103): Illuminate\\Pipeline\\Pipeline->Illuminate\\Pipeline\\{closure}()
#21 /home/163112.cloudwaysapps.com/cxmygwuhen/public_html/laravel/vendor/laravel/framework/src/Illuminate/Routing/Router.php(687): Illuminate\\Pipeline\\Pipeline->then()
#22 /home/163112.cloudwaysapps.com/cxmygwuhen/public_html/laravel/vendor/laravel/framework/src/Illuminate/Routing/Router.php(662): Illuminate\\Routing\\Router->runRouteWithinStack()
#23 /home/163112.cloudwaysapps.com/cxmygwuhen/public_html/laravel/vendor/laravel/framework/src/Illuminate/Routing/Router.php(628): Illuminate\\Routing\\Router->runRoute()
#24 /home/163112.cloudwaysapps.com/cxmygwuhen/public_html/laravel/vendor/laravel/framework/src/Illuminate/Routing/Router.php(617): Illuminate\\Routing\\Router->dispatchToRoute()
#25 /home/163112.cloudwaysapps.com/cxmygwuhen/public_html/laravel/vendor/laravel/framework/src/Illuminate/Foundation/Http/Kernel.php(165): Illuminate\\Routing\\Router->dispatch()
#26 /home/163112.cloudwaysapps.com/cxmygwuhen/public_html/laravel/vendor/laravel/framework/src/Illuminate/Pipeline/Pipeline.php(128): Illuminate\\Foundation\\Http\\Kernel->Illuminate\\Foundation\\Http\\{closure}()
#27 /home/163112.cloudwaysapps.com/cxmygwuhen/public_html/laravel/vendor/laravel/framework/src/Illuminate/Foundation/Http/Middleware/TransformsRequest.php(21): Illuminate\\Pipeline\\Pipeline->Illuminate\\Pipeline\\{closure}()
#28 /home/163112.cloudwaysapps.com/cxmygwuhen/public_html/laravel/vendor/laravel/framework/src/Illuminate/Pipeline/Pipeline.php(167): Illuminate\\Foundation\\Http\\Middleware\\TransformsRequest->handle()
#29 /home/163112.cloudwaysapps.com/cxmygwuhen/public_html/laravel/vendor/laravel/framework/src/Illuminate/Foundation/Http/Middleware/TransformsRequest.php(21): Illuminate\\Pipeline\\Pipeline->Illuminate\\Pipeline\\{closure}()
#30 /home/163112.cloudwaysapps.com/cxmygwuhen/public_html/laravel/vendor/laravel/framework/src/Illuminate/Pipeline/Pipeline.php(167): Illuminate\\Foundation\\Http\\Middleware\\TransformsRequest->handle()
#31 /home/163112.cloudwaysapps.com/cxmygwuhen/public_html/laravel/vendor/laravel/framework/src/Illuminate/Foundation/Http/Middleware/ValidatePostSize.php(27): Illuminate\\Pipeline\\Pipeline->Illuminate\\Pipeline\\{closure}()
#32 /home/163112.cloudwaysapps.com/cxmygwuhen/public_html/laravel/vendor/laravel/framework/src/Illuminate/Pipeline/Pipeline.php(167): Illuminate\\Foundation\\Http\\Middleware\\ValidatePostSize->handle()
#33 /home/163112.cloudwaysapps.com/cxmygwuhen/public_html/laravel/vendor/laravel/framework/src/Illuminate/Foundation/Http/Middleware/CheckForMaintenanceMode.php(63): Illuminate\\Pipeline\\Pipeline->Illuminate\\Pipeline\\{closure}()
#34 /home/163112.cloudwaysapps.com/cxmygwuhen/public_html/laravel/vendor/laravel/framework/src/Illuminate/Pipeline/Pipeline.php(167): Illuminate\\Foundation\\Http\\Middleware\\CheckForMaintenanceMode->handle()
#35 /home/163112.cloudwaysapps.com/cxmygwuhen/public_html/laravel/vendor/fruitcake/laravel-cors/src/HandleCors.php(37): Illuminate\\Pipeline\\Pipeline->Illuminate\\Pipeline\\{closure}()
#36 /home/163112.cloudwaysapps.com/cxmygwuhen/public_html/laravel/vendor/laravel/framework/src/Illuminate/Pipeline/Pipeline.php(167): Fruitcake\\Cors\\HandleCors->handle()
#37 /home/163112.cloudwaysapps.com/cxmygwuhen/public_html/laravel/vendor/fideloper/proxy/src/TrustProxies.php(57): Illuminate\\Pipeline\\Pipeline->Illuminate\\Pipeline\\{closure}()
#38 /home/163112.cloudwaysapps.com/cxmygwuhen/public_html/laravel/vendor/laravel/framework/src/Illuminate/Pipeline/Pipeline.php(167): Fideloper\\Proxy\\TrustProxies->handle()
#39 /home/163112.cloudwaysapps.com/cxmygwuhen/public_html/laravel/vendor/laravel/framework/src/Illuminate/Pipeline/Pipeline.php(103): Illuminate\\Pipeline\\Pipeline->Illuminate\\Pipeline\\{closure}()
#40 /home/163112.cloudwaysapps.com/cxmygwuhen/public_html/laravel/vendor/laravel/framework/src/Illuminate/Foundation/Http/Kernel.php(140): Illuminate\\Pipeline\\Pipeline->then()
#41 /home/163112.cloudwaysapps.com/cxmygwuhen/public_html/laravel/vendor/laravel/framework/src/Illuminate/Foundation/Http/Kernel.php(109): Illuminate\\Foundation\\Http\\Kernel->sendRequestThroughRouter()
#42 /home/163112.cloudwaysapps.com/cxmygwuhen/public_html/laravel/public/index.php(55): Illuminate\\Foundation\\Http\\Kernel->handle()
#43 {main}
"} 
[2021-07-13 17:40:14] production.INFO: array (
  '@odata.etag' => 'W/"28047399"',
  'mg_slotitemsid' => '10438324-b4e3-eb11-bacb-000d3ac9f91a',
  'mg_name' => '17:30-17:45 MGROAD',
  '_mg_productfamily_value' => '02d8dd5e-9a37-ea11-a813-000d3a0a7551',
  'mg_starttime' => '2021-07-17T17:30:00Z',
  'mg_endtime' => '2021-07-17T17:45:00Z',
  '_mg_store_value' => 'b5962233-b421-ea11-a810-000d3a0a7551',
  'mg_playersbooked' => '0',
  'mg_maximumplayersallowed' => '8',
  '_mg_subproduct_value' => '557731db-1569-ea11-a812-000d3a0a7551',
  'mg_playersbookingunderprocess' => '0',
)  
[2021-07-13 17:40:18] production.INFO: array (
  '@odata.etag' => 'W/"28047399"',
  'mg_slotitemsid' => '10438324-b4e3-eb11-bacb-000d3ac9f91a',
  'mg_name' => '17:30-17:45 MGROAD',
  '_mg_productfamily_value' => '02d8dd5e-9a37-ea11-a813-000d3a0a7551',
  'mg_starttime' => '2021-07-17T17:30:00Z',
  'mg_endtime' => '2021-07-17T17:45:00Z',
  '_mg_store_value' => 'b5962233-b421-ea11-a810-000d3a0a7551',
  'mg_playersbooked' => '0',
  'mg_maximumplayersallowed' => '8',
  '_mg_subproduct_value' => '557731db-1569-ea11-a812-000d3a0a7551',
  'mg_playersbookingunderprocess' => '0',
)  
[2021-07-13 17:40:18] production.ERROR: Trying to get property 'ProductGUID' of non-object {"exception":"[object] (ErrorException(code: 0): Trying to get property 'ProductGUID' of non-object at /home/163112.cloudwaysapps.com/cxmygwuhen/public_html/laravel/app/Http/Controllers/HomeController.php:1679)
[stacktrace]
#0 /home/163112.cloudwaysapps.com/cxmygwuhen/public_html/laravel/app/Http/Controllers/HomeController.php(1679): Illuminate\\Foundation\\Bootstrap\\HandleExceptions->handleError()
#1 /home/163112.cloudwaysapps.com/cxmygwuhen/public_html/laravel/vendor/laravel/framework/src/Illuminate/Routing/Controller.php(54): App\\Http\\Controllers\\HomeController->get_price()
#2 /home/163112.cloudwaysapps.com/cxmygwuhen/public_html/laravel/vendor/laravel/framework/src/Illuminate/Routing/ControllerDispatcher.php(45): Illuminate\\Routing\\Controller->callAction()
#3 /home/163112.cloudwaysapps.com/cxmygwuhen/public_html/laravel/vendor/laravel/framework/src/Illuminate/Routing/Route.php(239): Illuminate\\Routing\\ControllerDispatcher->dispatch()
#4 /home/163112.cloudwaysapps.com/cxmygwuhen/public_html/laravel/vendor/laravel/framework/src/Illuminate/Routing/Route.php(196): Illuminate\\Routing\\Route->runController()
#5 /home/163112.cloudwaysapps.com/cxmygwuhen/public_html/laravel/vendor/laravel/framework/src/Illuminate/Routing/Router.php(685): Illuminate\\Routing\\Route->run()
#6 /home/163112.cloudwaysapps.com/cxmygwuhen/public_html/laravel/vendor/laravel/framework/src/Illuminate/Pipeline/Pipeline.php(128): Illuminate\\Routing\\Router->Illuminate\\Routing\\{closure}()
#7 /home/163112.cloudwaysapps.com/cxmygwuhen/public_html/laravel/vendor/laravel/framework/src/Illuminate/Routing/Middleware/SubstituteBindings.php(41): Illuminate\\Pipeline\\Pipeline->Illuminate\\Pipeline\\{closure}()
#8 /home/163112.cloudwaysapps.com/cxmygwuhen/public_html/laravel/vendor/laravel/framework/src/Illuminate/Pipeline/Pipeline.php(167): Illuminate\\Routing\\Middleware\\SubstituteBindings->handle()
#9 /home/163112.cloudwaysapps.com/cxmygwuhen/public_html/laravel/vendor/laravel/framework/src/Illuminate/Foundation/Http/Middleware/VerifyCsrfToken.php(78): Illuminate\\Pipeline\\Pipeline->Illuminate\\Pipeline\\{closure}()
#10 /home/163112.cloudwaysapps.com/cxmygwuhen/public_html/laravel/vendor/laravel/framework/src/Illuminate/Pipeline/Pipeline.php(167): Illuminate\\Foundation\\Http\\Middleware\\VerifyCsrfToken->handle()
#11 /home/163112.cloudwaysapps.com/cxmygwuhen/public_html/laravel/vendor/laravel/framework/src/Illuminate/View/Middleware/ShareErrorsFromSession.php(49): Illuminate\\Pipeline\\Pipeline->Illuminate\\Pipeline\\{closure}()
#12 /home/163112.cloudwaysapps.com/cxmygwuhen/public_html/laravel/vendor/laravel/framework/src/Illuminate/Pipeline/Pipeline.php(167): Illuminate\\View\\Middleware\\ShareErrorsFromSession->handle()
#13 /home/163112.cloudwaysapps.com/cxmygwuhen/public_html/laravel/vendor/laravel/framework/src/Illuminate/Session/Middleware/StartSession.php(116): Illuminate\\Pipeline\\Pipeline->Illuminate\\Pipeline\\{closure}()
#14 /home/163112.cloudwaysapps.com/cxmygwuhen/public_html/laravel/vendor/laravel/framework/src/Illuminate/Session/Middleware/StartSession.php(62): Illuminate\\Session\\Middleware\\StartSession->handleStatefulRequest()
#15 /home/163112.cloudwaysapps.com/cxmygwuhen/public_html/laravel/vendor/laravel/framework/src/Illuminate/Pipeline/Pipeline.php(167): Illuminate\\Session\\Middleware\\StartSession->handle()
#16 /home/163112.cloudwaysapps.com/cxmygwuhen/public_html/laravel/vendor/laravel/framework/src/Illuminate/Cookie/Middleware/AddQueuedCookiesToResponse.php(37): Illuminate\\Pipeline\\Pipeline->Illuminate\\Pipeline\\{closure}()
#17 /home/163112.cloudwaysapps.com/cxmygwuhen/public_html/laravel/vendor/laravel/framework/src/Illuminate/Pipeline/Pipeline.php(167): Illuminate\\Cookie\\Middleware\\AddQueuedCookiesToResponse->handle()
#18 /home/163112.cloudwaysapps.com/cxmygwuhen/public_html/laravel/vendor/laravel/framework/src/Illuminate/Cookie/Middleware/EncryptCookies.php(67): Illuminate\\Pipeline\\Pipeline->Illuminate\\Pipeline\\{closure}()
#19 /home/163112.cloudwaysapps.com/cxmygwuhen/public_html/laravel/vendor/laravel/framework/src/Illuminate/Pipeline/Pipeline.php(167): Illuminate\\Cookie\\Middleware\\EncryptCookies->handle()
#20 /home/163112.cloudwaysapps.com/cxmygwuhen/public_html/laravel/vendor/laravel/framework/src/Illuminate/Pipeline/Pipeline.php(103): Illuminate\\Pipeline\\Pipeline->Illuminate\\Pipeline\\{closure}()
#21 /home/163112.cloudwaysapps.com/cxmygwuhen/public_html/laravel/vendor/laravel/framework/src/Illuminate/Routing/Router.php(687): Illuminate\\Pipeline\\Pipeline->then()
#22 /home/163112.cloudwaysapps.com/cxmygwuhen/public_html/laravel/vendor/laravel/framework/src/Illuminate/Routing/Router.php(662): Illuminate\\Routing\\Router->runRouteWithinStack()
#23 /home/163112.cloudwaysapps.com/cxmygwuhen/public_html/laravel/vendor/laravel/framework/src/Illuminate/Routing/Router.php(628): Illuminate\\Routing\\Router->runRoute()
#24 /home/163112.cloudwaysapps.com/cxmygwuhen/public_html/laravel/vendor/laravel/framework/src/Illuminate/Routing/Router.php(617): Illuminate\\Routing\\Router->dispatchToRoute()
#25 /home/163112.cloudwaysapps.com/cxmygwuhen/public_html/laravel/vendor/laravel/framework/src/Illuminate/Foundation/Http/Kernel.php(165): Illuminate\\Routing\\Router->dispatch()
#26 /home/163112.cloudwaysapps.com/cxmygwuhen/public_html/laravel/vendor/laravel/framework/src/Illuminate/Pipeline/Pipeline.php(128): Illuminate\\Foundation\\Http\\Kernel->Illuminate\\Foundation\\Http\\{closure}()
#27 /home/163112.cloudwaysapps.com/cxmygwuhen/public_html/laravel/vendor/laravel/framework/src/Illuminate/Foundation/Http/Middleware/TransformsRequest.php(21): Illuminate\\Pipeline\\Pipeline->Illuminate\\Pipeline\\{closure}()
#28 /home/163112.cloudwaysapps.com/cxmygwuhen/public_html/laravel/vendor/laravel/framework/src/Illuminate/Pipeline/Pipeline.php(167): Illuminate\\Foundation\\Http\\Middleware\\TransformsRequest->handle()
#29 /home/163112.cloudwaysapps.com/cxmygwuhen/public_html/laravel/vendor/laravel/framework/src/Illuminate/Foundation/Http/Middleware/TransformsRequest.php(21): Illuminate\\Pipeline\\Pipeline->Illuminate\\Pipeline\\{closure}()
#30 /home/163112.cloudwaysapps.com/cxmygwuhen/public_html/laravel/vendor/laravel/framework/src/Illuminate/Pipeline/Pipeline.php(167): Illuminate\\Foundation\\Http\\Middleware\\TransformsRequest->handle()
#31 /home/163112.cloudwaysapps.com/cxmygwuhen/public_html/laravel/vendor/laravel/framework/src/Illuminate/Foundation/Http/Middleware/ValidatePostSize.php(27): Illuminate\\Pipeline\\Pipeline->Illuminate\\Pipeline\\{closure}()
#32 /home/163112.cloudwaysapps.com/cxmygwuhen/public_html/laravel/vendor/laravel/framework/src/Illuminate/Pipeline/Pipeline.php(167): Illuminate\\Foundation\\Http\\Middleware\\ValidatePostSize->handle()
#33 /home/163112.cloudwaysapps.com/cxmygwuhen/public_html/laravel/vendor/laravel/framework/src/Illuminate/Foundation/Http/Middleware/CheckForMaintenanceMode.php(63): Illuminate\\Pipeline\\Pipeline->Illuminate\\Pipeline\\{closure}()
#34 /home/163112.cloudwaysapps.com/cxmygwuhen/public_html/laravel/vendor/laravel/framework/src/Illuminate/Pipeline/Pipeline.php(167): Illuminate\\Foundation\\Http\\Middleware\\CheckForMaintenanceMode->handle()
#35 /home/163112.cloudwaysapps.com/cxmygwuhen/public_html/laravel/vendor/fruitcake/laravel-cors/src/HandleCors.php(37): Illuminate\\Pipeline\\Pipeline->Illuminate\\Pipeline\\{closure}()
#36 /home/163112.cloudwaysapps.com/cxmygwuhen/public_html/laravel/vendor/laravel/framework/src/Illuminate/Pipeline/Pipeline.php(167): Fruitcake\\Cors\\HandleCors->handle()
#37 /home/163112.cloudwaysapps.com/cxmygwuhen/public_html/laravel/vendor/fideloper/proxy/src/TrustProxies.php(57): Illuminate\\Pipeline\\Pipeline->Illuminate\\Pipeline\\{closure}()
#38 /home/163112.cloudwaysapps.com/cxmygwuhen/public_html/laravel/vendor/laravel/framework/src/Illuminate/Pipeline/Pipeline.php(167): Fideloper\\Proxy\\TrustProxies->handle()
#39 /home/163112.cloudwaysapps.com/cxmygwuhen/public_html/laravel/vendor/laravel/framework/src/Illuminate/Pipeline/Pipeline.php(103): Illuminate\\Pipeline\\Pipeline->Illuminate\\Pipeline\\{closure}()
#40 /home/163112.cloudwaysapps.com/cxmygwuhen/public_html/laravel/vendor/laravel/framework/src/Illuminate/Foundation/Http/Kernel.php(140): Illuminate\\Pipeline\\Pipeline->then()
#41 /home/163112.cloudwaysapps.com/cxmygwuhen/public_html/laravel/vendor/laravel/framework/src/Illuminate/Foundation/Http/Kernel.php(109): Illuminate\\Foundation\\Http\\Kernel->sendRequestThroughRouter()
#42 /home/163112.cloudwaysapps.com/cxmygwuhen/public_html/laravel/public/index.php(55): Illuminate\\Foundation\\Http\\Kernel->handle()
#43 {main}
"} 
[2021-07-13 17:40:20] production.INFO: array (
  '@odata.etag' => 'W/"28047399"',
  'mg_slotitemsid' => '10438324-b4e3-eb11-bacb-000d3ac9f91a',
  'mg_name' => '17:30-17:45 MGROAD',
  '_mg_productfamily_value' => '02d8dd5e-9a37-ea11-a813-000d3a0a7551',
  'mg_starttime' => '2021-07-17T17:30:00Z',
  'mg_endtime' => '2021-07-17T17:45:00Z',
  '_mg_store_value' => 'b5962233-b421-ea11-a810-000d3a0a7551',
  'mg_playersbooked' => '0',
  'mg_maximumplayersallowed' => '8',
  '_mg_subproduct_value' => '557731db-1569-ea11-a812-000d3a0a7551',
  'mg_playersbookingunderprocess' => '0',
)  
[2021-07-13 17:48:39] production.INFO: https://mgravity.api.crm8.dynamics.com/api/data/v9.1/mg_slotitemses?$select=mg_slotitemsid,mg_name,_mg_productfamily_value,mg_starttime,mg_endtime,_mg_store_value,mg_playersbooked,mg_maximumplayersallowed,_mg_subproduct_value,mg_playersbookingunderprocess&$filter=mg_starttime ge '2021-07-13 17:48:36' and mg_starttime le '2021-07-13 23:59:59' and _mg_productfamily_value eq '02d8dd5e-9a37-ea11-a813-000d3a0a7551' and statuscode eq 140180001 and _mg_store_value eq 'b5962233-b421-ea11-a810-000d3a0a7551'   
[2021-07-13 17:48:46] production.INFO: https://mgravity.api.crm8.dynamics.com/api/data/v9.1/mg_slotitemses?$select=mg_slotitemsid,mg_name,_mg_productfamily_value,mg_starttime,mg_endtime,_mg_store_value,mg_playersbooked,mg_maximumplayersallowed,_mg_subproduct_value,mg_playersbookingunderprocess&$filter=mg_starttime ge '2021-07-25 00:00:00' and mg_starttime le '2021-07-25 23:59:59' and _mg_productfamily_value eq '02d8dd5e-9a37-ea11-a813-000d3a0a7551' and statuscode eq 140180001 and _mg_store_value eq 'b5962233-b421-ea11-a810-000d3a0a7551'   
[2021-07-13 17:48:48] production.INFO: https://mgravity.api.crm8.dynamics.com/api/data/v9.1/mg_slotitemses?$select=mg_slotitemsid,mg_name,_mg_productfamily_value,mg_starttime,mg_endtime,_mg_store_value,mg_playersbooked,mg_maximumplayersallowed,_mg_subproduct_value,mg_playersbookingunderprocess&$filter=mg_starttime ge '2021-07-25 00:00:00' and mg_starttime le '2021-07-25 23:59:59' and _mg_productfamily_value eq '02d8dd5e-9a37-ea11-a813-000d3a0a7551' and statuscode eq 140180001 and _mg_store_value eq 'b5962233-b421-ea11-a810-000d3a0a7551'   
[2021-07-13 17:56:33] production.INFO: https://mgravity.api.crm8.dynamics.com/api/data/v9.1/mg_slotitemses?$select=mg_slotitemsid,mg_name,_mg_productfamily_value,mg_starttime,mg_endtime,_mg_store_value,mg_playersbooked,mg_maximumplayersallowed,_mg_subproduct_value,mg_playersbookingunderprocess&$filter=mg_starttime ge '2021-07-13 17:56:28' and mg_starttime le '2021-07-13 23:59:59' and _mg_productfamily_value eq '02d8dd5e-9a37-ea11-a813-000d3a0a7551' and statuscode eq 140180001 and _mg_store_value eq 'b5962233-b421-ea11-a810-000d3a0a7551'   
[2021-07-13 17:56:49] production.INFO: https://mgravity.api.crm8.dynamics.com/api/data/v9.1/mg_slotitemses?$select=mg_slotitemsid,mg_name,_mg_productfamily_value,mg_starttime,mg_endtime,_mg_store_value,mg_playersbooked,mg_maximumplayersallowed,_mg_subproduct_value,mg_playersbookingunderprocess&$filter=mg_starttime ge '2021-07-13 17:56:46' and mg_starttime le '2021-07-13 23:59:59' and _mg_productfamily_value eq '02d8dd5e-9a37-ea11-a813-000d3a0a7551' and statuscode eq 140180001 and _mg_store_value eq 'b5962233-b421-ea11-a810-000d3a0a7551'   
[2021-07-13 17:56:55] production.INFO: array (
  '@odata.etag' => 'W/"28045827"',
  'mg_slotitemsid' => 'e07d1220-47e3-eb11-bacb-000d3ac9fd84',
  'mg_name' => '18:30-18:45 MGROAD',
  '_mg_productfamily_value' => '02d8dd5e-9a37-ea11-a813-000d3a0a7551',
  'mg_starttime' => '2021-07-13T18:30:00Z',
  'mg_endtime' => '2021-07-13T18:45:00Z',
  '_mg_store_value' => 'b5962233-b421-ea11-a810-000d3a0a7551',
  'mg_playersbooked' => '0',
  'mg_maximumplayersallowed' => '8',
  '_mg_subproduct_value' => '236f14eb-1569-ea11-a812-000d3a0a7551',
  'mg_playersbookingunderprocess' => '0',
)  
[2021-07-13 17:57:05] production.INFO: array (
  '@odata.etag' => 'W/"28045827"',
  'mg_slotitemsid' => 'e07d1220-47e3-eb11-bacb-000d3ac9fd84',
  'mg_name' => '18:30-18:45 MGROAD',
  '_mg_productfamily_value' => '02d8dd5e-9a37-ea11-a813-000d3a0a7551',
  'mg_starttime' => '2021-07-13T18:30:00Z',
  'mg_endtime' => '2021-07-13T18:45:00Z',
  '_mg_store_value' => 'b5962233-b421-ea11-a810-000d3a0a7551',
  'mg_playersbooked' => '0',
  'mg_maximumplayersallowed' => '8',
  '_mg_subproduct_value' => '236f14eb-1569-ea11-a812-000d3a0a7551',
  'mg_playersbookingunderprocess' => '0',
)  
[2021-07-13 18:05:04] production.INFO: https://mgravity.api.crm8.dynamics.com/api/data/v9.1/mg_slotitemses?$select=mg_slotitemsid,mg_name,_mg_productfamily_value,mg_starttime,mg_endtime,_mg_store_value,mg_playersbooked,mg_maximumplayersallowed,_mg_subproduct_value,mg_playersbookingunderprocess&$filter=mg_starttime ge '2021-07-13 18:5:1' and mg_starttime le '2021-07-13 23:59:59' and _mg_productfamily_value eq '02d8dd5e-9a37-ea11-a813-000d3a0a7551' and statuscode eq 140180001 and _mg_store_value eq 'b5962233-b421-ea11-a810-000d3a0a7551'   
[2021-07-13 18:05:09] production.INFO: https://mgravity.api.crm8.dynamics.com/api/data/v9.1/mg_slotitemses?$select=mg_slotitemsid,mg_name,_mg_productfamily_value,mg_starttime,mg_endtime,_mg_store_value,mg_playersbooked,mg_maximumplayersallowed,_mg_subproduct_value,mg_playersbookingunderprocess&$filter=mg_starttime ge '2021-07-25 00:00:00' and mg_starttime le '2021-07-25 23:59:59' and _mg_productfamily_value eq '02d8dd5e-9a37-ea11-a813-000d3a0a7551' and statuscode eq 140180001 and _mg_store_value eq 'b5962233-b421-ea11-a810-000d3a0a7551'   
[2021-07-13 18:05:10] production.INFO: https://mgravity.api.crm8.dynamics.com/api/data/v9.1/mg_slotitemses?$select=mg_slotitemsid,mg_name,_mg_productfamily_value,mg_starttime,mg_endtime,_mg_store_value,mg_playersbooked,mg_maximumplayersallowed,_mg_subproduct_value,mg_playersbookingunderprocess&$filter=mg_starttime ge '2021-07-25 00:00:00' and mg_starttime le '2021-07-25 23:59:59' and _mg_productfamily_value eq '02d8dd5e-9a37-ea11-a813-000d3a0a7551' and statuscode eq 140180001 and _mg_store_value eq 'b5962233-b421-ea11-a810-000d3a0a7551'   
[2021-07-13 18:45:37] production.INFO: https://mgravity.api.crm8.dynamics.com/api/data/v9.1/mg_slotitemses?$select=mg_slotitemsid,mg_name,_mg_productfamily_value,mg_starttime,mg_endtime,_mg_store_value,mg_playersbooked,mg_maximumplayersallowed,_mg_subproduct_value,mg_playersbookingunderprocess&$filter=mg_starttime ge '2021-07-13 18:45:34' and mg_starttime le '2021-07-13 23:59:59' and _mg_productfamily_value eq '02d8dd5e-9a37-ea11-a813-000d3a0a7551' and statuscode eq 140180001 and _mg_store_value eq 'b5962233-b421-ea11-a810-000d3a0a7551'   
[2021-07-13 18:45:48] production.INFO: array (
  '@odata.etag' => 'W/"28045830"',
  'mg_slotitemsid' => 'e67d1220-47e3-eb11-bacb-000d3ac9fd84',
  'mg_name' => '19:30-19:45 MGROAD',
  '_mg_productfamily_value' => '02d8dd5e-9a37-ea11-a813-000d3a0a7551',
  'mg_starttime' => '2021-07-13T19:30:00Z',
  'mg_endtime' => '2021-07-13T19:45:00Z',
  '_mg_store_value' => 'b5962233-b421-ea11-a810-000d3a0a7551',
  'mg_playersbooked' => '0',
  'mg_maximumplayersallowed' => '8',
  '_mg_subproduct_value' => '557731db-1569-ea11-a812-000d3a0a7551',
  'mg_playersbookingunderprocess' => '0',
)  
[2021-07-13 18:45:53] production.INFO: array (
  '@odata.etag' => 'W/"28045830"',
  'mg_slotitemsid' => 'e67d1220-47e3-eb11-bacb-000d3ac9fd84',
  'mg_name' => '19:30-19:45 MGROAD',
  '_mg_productfamily_value' => '02d8dd5e-9a37-ea11-a813-000d3a0a7551',
  'mg_starttime' => '2021-07-13T19:30:00Z',
  'mg_endtime' => '2021-07-13T19:45:00Z',
  '_mg_store_value' => 'b5962233-b421-ea11-a810-000d3a0a7551',
  'mg_playersbooked' => '0',
  'mg_maximumplayersallowed' => '8',
  '_mg_subproduct_value' => '557731db-1569-ea11-a812-000d3a0a7551',
  'mg_playersbookingunderprocess' => '0',
)  
[2021-07-13 18:45:56] production.INFO: array (
  '@odata.etag' => 'W/"28045830"',
  'mg_slotitemsid' => 'e67d1220-47e3-eb11-bacb-000d3ac9fd84',
  'mg_name' => '19:30-19:45 MGROAD',
  '_mg_productfamily_value' => '02d8dd5e-9a37-ea11-a813-000d3a0a7551',
  'mg_starttime' => '2021-07-13T19:30:00Z',
  'mg_endtime' => '2021-07-13T19:45:00Z',
  '_mg_store_value' => 'b5962233-b421-ea11-a810-000d3a0a7551',
  'mg_playersbooked' => '0',
  'mg_maximumplayersallowed' => '8',
  '_mg_subproduct_value' => '557731db-1569-ea11-a812-000d3a0a7551',
  'mg_playersbookingunderprocess' => '0',
)  
[2021-07-13 18:45:59] production.INFO: array (
  '@odata.etag' => 'W/"28045830"',
  'mg_slotitemsid' => 'e67d1220-47e3-eb11-bacb-000d3ac9fd84',
  'mg_name' => '19:30-19:45 MGROAD',
  '_mg_productfamily_value' => '02d8dd5e-9a37-ea11-a813-000d3a0a7551',
  'mg_starttime' => '2021-07-13T19:30:00Z',
  'mg_endtime' => '2021-07-13T19:45:00Z',
  '_mg_store_value' => 'b5962233-b421-ea11-a810-000d3a0a7551',
  'mg_playersbooked' => '0',
  'mg_maximumplayersallowed' => '8',
  '_mg_subproduct_value' => '557731db-1569-ea11-a812-000d3a0a7551',
  'mg_playersbookingunderprocess' => '0',
)  
[2021-07-13 18:46:02] production.INFO: array (
  '@odata.etag' => 'W/"28045830"',
  'mg_slotitemsid' => 'e67d1220-47e3-eb11-bacb-000d3ac9fd84',
  'mg_name' => '19:30-19:45 MGROAD',
  '_mg_productfamily_value' => '02d8dd5e-9a37-ea11-a813-000d3a0a7551',
  'mg_starttime' => '2021-07-13T19:30:00Z',
  'mg_endtime' => '2021-07-13T19:45:00Z',
  '_mg_store_value' => 'b5962233-b421-ea11-a810-000d3a0a7551',
  'mg_playersbooked' => '0',
  'mg_maximumplayersallowed' => '8',
  '_mg_subproduct_value' => '557731db-1569-ea11-a812-000d3a0a7551',
  'mg_playersbookingunderprocess' => '0',
)  
[2021-07-13 18:53:51] production.INFO: https://mgravity.api.crm8.dynamics.com/api/data/v9.1/mg_slotitemses?$select=mg_slotitemsid,mg_name,_mg_productfamily_value,mg_starttime,mg_endtime,_mg_store_value,mg_playersbooked,mg_maximumplayersallowed,_mg_subproduct_value,mg_playersbookingunderprocess&$filter=mg_starttime ge '2021-07-13 18:53:44' and mg_starttime le '2021-07-13 23:59:59' and _mg_productfamily_value eq '02d8dd5e-9a37-ea11-a813-000d3a0a7551' and statuscode eq 140180001 and _mg_store_value eq 'b5962233-b421-ea11-a810-000d3a0a7551'   
[2021-07-13 18:53:55] production.INFO: array (
  '@odata.etag' => 'W/"28045829"',
  'mg_slotitemsid' => 'e47d1220-47e3-eb11-bacb-000d3ac9fd84',
  'mg_name' => '19:00-19:30 MGROAD',
  '_mg_productfamily_value' => '02d8dd5e-9a37-ea11-a813-000d3a0a7551',
  'mg_starttime' => '2021-07-13T19:00:00Z',
  'mg_endtime' => '2021-07-13T19:30:00Z',
  '_mg_store_value' => 'b5962233-b421-ea11-a810-000d3a0a7551',
  'mg_playersbooked' => '0',
  'mg_maximumplayersallowed' => '8',
  '_mg_subproduct_value' => '652fe5b2-1569-ea11-a812-000d3a0a7551',
  'mg_playersbookingunderprocess' => '0',
)  
[2021-07-13 18:53:56] production.INFO: array (
  '@odata.etag' => 'W/"28045829"',
  'mg_slotitemsid' => 'e47d1220-47e3-eb11-bacb-000d3ac9fd84',
  'mg_name' => '19:00-19:30 MGROAD',
  '_mg_productfamily_value' => '02d8dd5e-9a37-ea11-a813-000d3a0a7551',
  'mg_starttime' => '2021-07-13T19:00:00Z',
  'mg_endtime' => '2021-07-13T19:30:00Z',
  '_mg_store_value' => 'b5962233-b421-ea11-a810-000d3a0a7551',
  'mg_playersbooked' => '0',
  'mg_maximumplayersallowed' => '8',
  '_mg_subproduct_value' => '652fe5b2-1569-ea11-a812-000d3a0a7551',
  'mg_playersbookingunderprocess' => '0',
)  
[2021-07-13 18:53:58] production.INFO: array (
  '@odata.etag' => 'W/"28045829"',
  'mg_slotitemsid' => 'e47d1220-47e3-eb11-bacb-000d3ac9fd84',
  'mg_name' => '19:00-19:30 MGROAD',
  '_mg_productfamily_value' => '02d8dd5e-9a37-ea11-a813-000d3a0a7551',
  'mg_starttime' => '2021-07-13T19:00:00Z',
  'mg_endtime' => '2021-07-13T19:30:00Z',
  '_mg_store_value' => 'b5962233-b421-ea11-a810-000d3a0a7551',
  'mg_playersbooked' => '0',
  'mg_maximumplayersallowed' => '8',
  '_mg_subproduct_value' => '652fe5b2-1569-ea11-a812-000d3a0a7551',
  'mg_playersbookingunderprocess' => '0',
)  
[2021-07-13 18:54:02] production.INFO: array (
  '@odata.etag' => 'W/"28045829"',
  'mg_slotitemsid' => 'e47d1220-47e3-eb11-bacb-000d3ac9fd84',
  'mg_name' => '19:00-19:30 MGROAD',
  '_mg_productfamily_value' => '02d8dd5e-9a37-ea11-a813-000d3a0a7551',
  'mg_starttime' => '2021-07-13T19:00:00Z',
  'mg_endtime' => '2021-07-13T19:30:00Z',
  '_mg_store_value' => 'b5962233-b421-ea11-a810-000d3a0a7551',
  'mg_playersbooked' => '0',
  'mg_maximumplayersallowed' => '8',
  '_mg_subproduct_value' => '652fe5b2-1569-ea11-a812-000d3a0a7551',
  'mg_playersbookingunderprocess' => '0',
)  
[2021-07-13 18:54:05] production.INFO: array (
  '@odata.etag' => 'W/"28045829"',
  'mg_slotitemsid' => 'e47d1220-47e3-eb11-bacb-000d3ac9fd84',
  'mg_name' => '19:00-19:30 MGROAD',
  '_mg_productfamily_value' => '02d8dd5e-9a37-ea11-a813-000d3a0a7551',
  'mg_starttime' => '2021-07-13T19:00:00Z',
  'mg_endtime' => '2021-07-13T19:30:00Z',
  '_mg_store_value' => 'b5962233-b421-ea11-a810-000d3a0a7551',
  'mg_playersbooked' => '0',
  'mg_maximumplayersallowed' => '8',
  '_mg_subproduct_value' => '652fe5b2-1569-ea11-a812-000d3a0a7551',
  'mg_playersbookingunderprocess' => '0',
)  
[2021-07-13 18:54:13] production.INFO: array (
  '@odata.etag' => 'W/"28045829"',
  'mg_slotitemsid' => 'e47d1220-47e3-eb11-bacb-000d3ac9fd84',
  'mg_name' => '19:00-19:30 MGROAD',
  '_mg_productfamily_value' => '02d8dd5e-9a37-ea11-a813-000d3a0a7551',
  'mg_starttime' => '2021-07-13T19:00:00Z',
  'mg_endtime' => '2021-07-13T19:30:00Z',
  '_mg_store_value' => 'b5962233-b421-ea11-a810-000d3a0a7551',
  'mg_playersbooked' => '0',
  'mg_maximumplayersallowed' => '8',
  '_mg_subproduct_value' => '652fe5b2-1569-ea11-a812-000d3a0a7551',
  'mg_playersbookingunderprocess' => '0',
)  
[2021-07-13 18:54:25] production.INFO: https://mgravity.api.crm8.dynamics.com/api/data/v9.1/mg_slotitemses?$select=mg_slotitemsid,mg_name,_mg_productfamily_value,mg_starttime,mg_endtime,_mg_store_value,mg_playersbooked,mg_maximumplayersallowed,_mg_subproduct_value,mg_playersbookingunderprocess&$filter=mg_starttime ge '2021-07-13 18:54:18' and mg_starttime le '2021-07-13 23:59:59' and _mg_productfamily_value eq '02d8dd5e-9a37-ea11-a813-000d3a0a7551' and statuscode eq 140180001 and _mg_store_value eq 'b5962233-b421-ea11-a810-000d3a0a7551'   
[2021-07-13 18:54:30] production.INFO: https://mgravity.api.crm8.dynamics.com/api/data/v9.1/mg_slotitemses?$select=mg_slotitemsid,mg_name,_mg_productfamily_value,mg_starttime,mg_endtime,_mg_store_value,mg_playersbooked,mg_maximumplayersallowed,_mg_subproduct_value,mg_playersbookingunderprocess&$filter=mg_starttime ge '2021-07-14 00:00:00' and mg_starttime le '2021-07-14 23:59:59' and _mg_productfamily_value eq '02d8dd5e-9a37-ea11-a813-000d3a0a7551' and statuscode eq 140180001 and _mg_store_value eq 'b5962233-b421-ea11-a810-000d3a0a7551'   
[2021-07-13 18:54:31] production.INFO: https://mgravity.api.crm8.dynamics.com/api/data/v9.1/mg_slotitemses?$select=mg_slotitemsid,mg_name,_mg_productfamily_value,mg_starttime,mg_endtime,_mg_store_value,mg_playersbooked,mg_maximumplayersallowed,_mg_subproduct_value,mg_playersbookingunderprocess&$filter=mg_starttime ge '2021-07-14 00:00:00' and mg_starttime le '2021-07-14 23:59:59' and _mg_productfamily_value eq '02d8dd5e-9a37-ea11-a813-000d3a0a7551' and statuscode eq 140180001 and _mg_store_value eq 'b5962233-b421-ea11-a810-000d3a0a7551'   
[2021-07-13 18:54:35] production.INFO: https://mgravity.api.crm8.dynamics.com/api/data/v9.1/mg_slotitemses?$select=mg_slotitemsid,mg_name,_mg_productfamily_value,mg_starttime,mg_endtime,_mg_store_value,mg_playersbooked,mg_maximumplayersallowed,_mg_subproduct_value,mg_playersbookingunderprocess&$filter=mg_starttime ge '2021-07-20 00:00:00' and mg_starttime le '2021-07-20 23:59:59' and _mg_productfamily_value eq '02d8dd5e-9a37-ea11-a813-000d3a0a7551' and statuscode eq 140180001 and _mg_store_value eq 'b5962233-b421-ea11-a810-000d3a0a7551'   
[2021-07-13 18:54:36] production.INFO: https://mgravity.api.crm8.dynamics.com/api/data/v9.1/mg_slotitemses?$select=mg_slotitemsid,mg_name,_mg_productfamily_value,mg_starttime,mg_endtime,_mg_store_value,mg_playersbooked,mg_maximumplayersallowed,_mg_subproduct_value,mg_playersbookingunderprocess&$filter=mg_starttime ge '2021-07-20 00:00:00' and mg_starttime le '2021-07-20 23:59:59' and _mg_productfamily_value eq '02d8dd5e-9a37-ea11-a813-000d3a0a7551' and statuscode eq 140180001 and _mg_store_value eq 'b5962233-b421-ea11-a810-000d3a0a7551'   
[2021-07-13 18:54:38] production.INFO: array (
  '@odata.etag' => 'W/"28047589"',
  'mg_slotitemsid' => '88448324-b4e3-eb11-bacb-000d3ac9f91a',
  'mg_name' => '17:00-17:30 MGROAD',
  '_mg_productfamily_value' => '02d8dd5e-9a37-ea11-a813-000d3a0a7551',
  'mg_starttime' => '2021-07-20T17:00:00Z',
  'mg_endtime' => '2021-07-20T17:30:00Z',
  '_mg_store_value' => 'b5962233-b421-ea11-a810-000d3a0a7551',
  'mg_playersbooked' => '0',
  'mg_maximumplayersallowed' => '8',
  '_mg_subproduct_value' => 'a4c39887-1569-ea11-a812-000d3a0a7551',
  'mg_playersbookingunderprocess' => '0',
)  
[2021-07-13 18:54:43] production.INFO: array (
  '@odata.etag' => 'W/"28047580"',
  'mg_slotitemsid' => '76448324-b4e3-eb11-bacb-000d3ac9f91a',
  'mg_name' => '14:00-14:30 MGROAD',
  '_mg_productfamily_value' => '02d8dd5e-9a37-ea11-a813-000d3a0a7551',
  'mg_starttime' => '2021-07-20T14:00:00Z',
  'mg_endtime' => '2021-07-20T14:30:00Z',
  '_mg_store_value' => 'b5962233-b421-ea11-a810-000d3a0a7551',
  'mg_playersbooked' => '0',
  'mg_maximumplayersallowed' => '8',
  '_mg_subproduct_value' => 'a4c39887-1569-ea11-a812-000d3a0a7551',
  'mg_playersbookingunderprocess' => '0',
)  
[2021-07-13 18:54:45] production.INFO: bbfM5ipvammzuFEj3LLPvpFMcFtD1yJiGfMvARV1  
[2021-07-13 19:58:04] production.INFO: https://mgravity.api.crm8.dynamics.com/api/data/v9.1/mg_slotitemses?$select=mg_slotitemsid,mg_name,_mg_productfamily_value,mg_starttime,mg_endtime,_mg_store_value,mg_playersbooked,mg_maximumplayersallowed,_mg_subproduct_value,mg_playersbookingunderprocess&$filter=mg_starttime ge '2021-07-13 19:57:44' and mg_starttime le '2021-07-13 23:59:59' and _mg_productfamily_value eq '02d8dd5e-9a37-ea11-a813-000d3a0a7551' and statuscode eq 140180001 and _mg_store_value eq 'b5962233-b421-ea11-a810-000d3a0a7551'   
[2021-07-13 19:58:15] production.INFO: https://mgravity.api.crm8.dynamics.com/api/data/v9.1/mg_slotitemses?$select=mg_slotitemsid,mg_name,_mg_productfamily_value,mg_starttime,mg_endtime,_mg_store_value,mg_playersbooked,mg_maximumplayersallowed,_mg_subproduct_value,mg_playersbookingunderprocess&$filter=mg_starttime ge '2021-07-13 19:58:12' and mg_starttime le '2021-07-13 23:59:59' and _mg_productfamily_value eq '02d8dd5e-9a37-ea11-a813-000d3a0a7551' and statuscode eq 140180001 and _mg_store_value eq 'b5962233-b421-ea11-a810-000d3a0a7551'   
[2021-07-13 20:44:03] production.INFO: https://mgravity.api.crm8.dynamics.com/api/data/v9.1/mg_slotitemses?$select=mg_slotitemsid,mg_name,_mg_productfamily_value,mg_starttime,mg_endtime,_mg_store_value,mg_playersbooked,mg_maximumplayersallowed,_mg_subproduct_value,mg_playersbookingunderprocess&$filter=mg_starttime ge '2021-07-13 13:3:24' and mg_starttime le '2021-07-13 23:59:59' and _mg_productfamily_value eq '02d8dd5e-9a37-ea11-a813-000d3a0a7551' and statuscode eq 140180001 and _mg_store_value eq 'b5962233-b421-ea11-a810-000d3a0a7551'   
[2021-07-13 20:56:12] production.INFO: https://mgravity.api.crm8.dynamics.com/api/data/v9.1/mg_slotitemses?$select=mg_slotitemsid,mg_name,_mg_productfamily_value,mg_starttime,mg_endtime,_mg_store_value,mg_playersbooked,mg_maximumplayersallowed,_mg_subproduct_value,mg_playersbookingunderprocess&$filter=mg_starttime ge '2021-07-13 18:5:1' and mg_starttime le '2021-07-13 23:59:59' and _mg_productfamily_value eq '02d8dd5e-9a37-ea11-a813-000d3a0a7551' and statuscode eq 140180001 and _mg_store_value eq 'b5962233-b421-ea11-a810-000d3a0a7551'   
[2021-07-13 20:56:13] production.INFO: https://mgravity.api.crm8.dynamics.com/api/data/v9.1/mg_slotitemses?$select=mg_slotitemsid,mg_name,_mg_productfamily_value,mg_starttime,mg_endtime,_mg_store_value,mg_playersbooked,mg_maximumplayersallowed,_mg_subproduct_value,mg_playersbookingunderprocess&$filter=mg_starttime ge '2021-07-13 18:5:1' and mg_starttime le '2021-07-13 23:59:59' and _mg_productfamily_value eq '02d8dd5e-9a37-ea11-a813-000d3a0a7551' and statuscode eq 140180001 and _mg_store_value eq 'b5962233-b421-ea11-a810-000d3a0a7551'   
[2021-07-13 20:57:10] production.INFO: https://mgravity.api.crm8.dynamics.com/api/data/v9.1/mg_slotitemses?$select=mg_slotitemsid,mg_name,_mg_productfamily_value,mg_starttime,mg_endtime,_mg_store_value,mg_playersbooked,mg_maximumplayersallowed,_mg_subproduct_value,mg_playersbookingunderprocess&$filter=mg_starttime ge '2021-07-25 00:00:00' and mg_starttime le '2021-07-25 23:59:59' and _mg_productfamily_value eq '02d8dd5e-9a37-ea11-a813-000d3a0a7551' and statuscode eq 140180001 and _mg_store_value eq 'b5962233-b421-ea11-a810-000d3a0a7551'   
[2021-07-13 20:57:16] production.INFO: https://mgravity.api.crm8.dynamics.com/api/data/v9.1/mg_slotitemses?$select=mg_slotitemsid,mg_name,_mg_productfamily_value,mg_starttime,mg_endtime,_mg_store_value,mg_playersbooked,mg_maximumplayersallowed,_mg_subproduct_value,mg_playersbookingunderprocess&$filter=mg_starttime ge '2021-07-25 00:00:00' and mg_starttime le '2021-07-25 23:59:59' and _mg_productfamily_value eq '02d8dd5e-9a37-ea11-a813-000d3a0a7551' and statuscode eq 140180001 and _mg_store_value eq 'b5962233-b421-ea11-a810-000d3a0a7551'   
[2021-07-13 22:34:52] production.INFO: https://mgravity.api.crm8.dynamics.com/api/data/v9.1/mg_slotitemses?$select=mg_slotitemsid,mg_name,_mg_productfamily_value,mg_starttime,mg_endtime,_mg_store_value,mg_playersbooked,mg_maximumplayersallowed,_mg_subproduct_value,mg_playersbookingunderprocess&$filter=mg_starttime ge '2021-07-13 22:34:50' and mg_starttime le '2021-07-13 23:59:59' and _mg_productfamily_value eq '02d8dd5e-9a37-ea11-a813-000d3a0a7551' and statuscode eq 140180001 and _mg_store_value eq 'b5962233-b421-ea11-a810-000d3a0a7551'   
[2021-07-13 22:34:59] production.INFO: https://mgravity.api.crm8.dynamics.com/api/data/v9.1/mg_slotitemses?$select=mg_slotitemsid,mg_name,_mg_productfamily_value,mg_starttime,mg_endtime,_mg_store_value,mg_playersbooked,mg_maximumplayersallowed,_mg_subproduct_value,mg_playersbookingunderprocess&$filter=mg_starttime ge '2021-07-14 00:00:00' and mg_starttime le '2021-07-14 23:59:59' and _mg_productfamily_value eq '02d8dd5e-9a37-ea11-a813-000d3a0a7551' and statuscode eq 140180001 and _mg_store_value eq 'b5962233-b421-ea11-a810-000d3a0a7551'   
[2021-07-13 22:35:00] production.INFO: https://mgravity.api.crm8.dynamics.com/api/data/v9.1/mg_slotitemses?$select=mg_slotitemsid,mg_name,_mg_productfamily_value,mg_starttime,mg_endtime,_mg_store_value,mg_playersbooked,mg_maximumplayersallowed,_mg_subproduct_value,mg_playersbookingunderprocess&$filter=mg_starttime ge '2021-07-14 00:00:00' and mg_starttime le '2021-07-14 23:59:59' and _mg_productfamily_value eq '02d8dd5e-9a37-ea11-a813-000d3a0a7551' and statuscode eq 140180001 and _mg_store_value eq 'b5962233-b421-ea11-a810-000d3a0a7551'   
[2021-07-13 22:35:06] production.INFO: https://mgravity.api.crm8.dynamics.com/api/data/v9.1/mg_slotitemses?$select=mg_slotitemsid,mg_name,_mg_productfamily_value,mg_starttime,mg_endtime,_mg_store_value,mg_playersbooked,mg_maximumplayersallowed,_mg_subproduct_value,mg_playersbookingunderprocess&$filter=mg_starttime ge '2021-07-17 00:00:00' and mg_starttime le '2021-07-17 23:59:59' and _mg_productfamily_value eq '02d8dd5e-9a37-ea11-a813-000d3a0a7551' and statuscode eq 140180001 and _mg_store_value eq 'b5962233-b421-ea11-a810-000d3a0a7551'   
[2021-07-13 22:35:08] production.INFO: https://mgravity.api.crm8.dynamics.com/api/data/v9.1/mg_slotitemses?$select=mg_slotitemsid,mg_name,_mg_productfamily_value,mg_starttime,mg_endtime,_mg_store_value,mg_playersbooked,mg_maximumplayersallowed,_mg_subproduct_value,mg_playersbookingunderprocess&$filter=mg_starttime ge '2021-07-17 00:00:00' and mg_starttime le '2021-07-17 23:59:59' and _mg_productfamily_value eq '02d8dd5e-9a37-ea11-a813-000d3a0a7551' and statuscode eq 140180001 and _mg_store_value eq 'b5962233-b421-ea11-a810-000d3a0a7551'   
[2021-07-13 22:35:10] production.INFO: array (
  '@odata.etag' => 'W/"28047387"',
  'mg_slotitemsid' => 'f8428324-b4e3-eb11-bacb-000d3ac9f91a',
  'mg_name' => '13:30-13:45 MGROAD',
  '_mg_productfamily_value' => '02d8dd5e-9a37-ea11-a813-000d3a0a7551',
  'mg_starttime' => '2021-07-17T13:30:00Z',
  'mg_endtime' => '2021-07-17T13:45:00Z',
  '_mg_store_value' => 'b5962233-b421-ea11-a810-000d3a0a7551',
  'mg_playersbooked' => '0',
  'mg_maximumplayersallowed' => '8',
  '_mg_subproduct_value' => '557731db-1569-ea11-a812-000d3a0a7551',
  'mg_playersbookingunderprocess' => '0',
)  
